<?xml version="1.0" encoding="UTF-8"?>
<!-- Generated by org.testng.reporters.JUnitReportReporter -->
<testsuite hostname="DESKTOP-61SBO85" failures="0" tests="1" name="api.promilo.test.UserMgmt" time="3.523" errors="0" timestamp="2022-12-07T18:36:40 IST" skipped="0">
  <testcase classname="api.promilo.test.UserMgmt" name="test16" time="3.523"/>
  <system-out/>
</testsuite> <!-- api.promilo.test.UserMgmt -->
