<?xml version="1.0" encoding="UTF-8"?>
<!-- Generated by org.testng.reporters.JUnitReportReporter -->
<testsuite hostname="DESKTOP-61SBO85" failures="0" tests="2" name="api.promilo.test.UserMgmt" time="4.979" errors="0" timestamp="2022-12-08T12:02:02 IST" skipped="0">
  <testcase classname="api.promilo.test.UserMgmt" name="test6a" time="4.471"/>
  <system-out/>
  <testcase classname="api.promilo.test.UserMgmt" name="test6b" time="0.508"/>
  <system-out/>
</testsuite> <!-- api.promilo.test.UserMgmt -->
